C:\USERS\ARGONAUT\GOOGLE DRIVE NEW\UCD FALL 2014\COMPUTER GRAPHICS\FINAL PROJECT\3D OBJECT RENDERER\3D OBJECT RENDERER\DEBUG\OPENGLFRAME.OBJ
C:\USERS\ARGONAUT\GOOGLE DRIVE NEW\UCD FALL 2014\COMPUTER GRAPHICS\FINAL PROJECT\3D OBJECT RENDERER\3D OBJECT RENDERER\DEBUG\MOC_OPENGLFRAME.OBJ
C:\USERS\ARGONAUT\GOOGLE DRIVE NEW\UCD FALL 2014\COMPUTER GRAPHICS\FINAL PROJECT\3D OBJECT RENDERER\3D OBJECT RENDERER\DEBUG\MOC_LIGHTEDITWINDOW.OBJ
C:\USERS\ARGONAUT\GOOGLE DRIVE NEW\UCD FALL 2014\COMPUTER GRAPHICS\FINAL PROJECT\3D OBJECT RENDERER\3D OBJECT RENDERER\DEBUG\MOC_CENTRALWIDGET.OBJ
C:\USERS\ARGONAUT\GOOGLE DRIVE NEW\UCD FALL 2014\COMPUTER GRAPHICS\FINAL PROJECT\3D OBJECT RENDERER\3D OBJECT RENDERER\DEBUG\CENTRALWIDGET.OBJ
C:\USERS\ARGONAUT\GOOGLE DRIVE NEW\UCD FALL 2014\COMPUTER GRAPHICS\FINAL PROJECT\3D OBJECT RENDERER\3D OBJECT RENDERER\DEBUG\PROGRAMMAINWINDOW.OBJ
C:\USERS\ARGONAUT\GOOGLE DRIVE NEW\UCD FALL 2014\COMPUTER GRAPHICS\FINAL PROJECT\3D OBJECT RENDERER\3D OBJECT RENDERER\DEBUG\MAIN.OBJ
C:\USERS\ARGONAUT\GOOGLE DRIVE NEW\UCD FALL 2014\COMPUTER GRAPHICS\FINAL PROJECT\3D OBJECT RENDERER\3D OBJECT RENDERER\DEBUG\MOC_PROGRAMMAINWINDOW.OBJ
C:\USERS\ARGONAUT\GOOGLE DRIVE NEW\UCD FALL 2014\COMPUTER GRAPHICS\FINAL PROJECT\3D OBJECT RENDERER\3D OBJECT RENDERER\DEBUG\QRC_PROGRAMMAINWINDOW.OBJ
C:\USERS\ARGONAUT\GOOGLE DRIVE NEW\UCD FALL 2014\COMPUTER GRAPHICS\FINAL PROJECT\3D OBJECT RENDERER\3D OBJECT RENDERER\DEBUG\VC110.PDB
C:\USERS\ARGONAUT\GOOGLE DRIVE NEW\UCD FALL 2014\COMPUTER GRAPHICS\FINAL PROJECT\3D OBJECT RENDERER\3D OBJECT RENDERER\DEBUG\LIGHTEDITMENU.OBJ
C:\USERS\ARGONAUT\GOOGLE DRIVE NEW\UCD FALL 2014\COMPUTER GRAPHICS\FINAL PROJECT\3D OBJECT RENDERER\3D OBJECT RENDERER\DEBUG\MOC_LIGHTEDITMENU.OBJ
C:\USERS\ARGONAUT\GOOGLE DRIVE NEW\UCD FALL 2014\COMPUTER GRAPHICS\FINAL PROJECT\3D OBJECT RENDERER\3D OBJECT RENDERER\DEBUG\LIGHTEDITWINDOW.OBJ
C:\USERS\ARGONAUT\GOOGLE DRIVE NEW\UCD FALL 2014\COMPUTER GRAPHICS\FINAL PROJECT\3D OBJECT RENDERER\3D OBJECT RENDERER\DEBUG\MATERIALEDITMENU.OBJ
C:\USERS\ARGONAUT\GOOGLE DRIVE NEW\UCD FALL 2014\COMPUTER GRAPHICS\FINAL PROJECT\3D OBJECT RENDERER\3D OBJECT RENDERER\DEBUG\MOC_MATERIALEDITMENU.OBJ
C:\USERS\ARGONAUT\GOOGLE DRIVE NEW\UCD FALL 2014\COMPUTER GRAPHICS\FINAL PROJECT\3D OBJECT RENDERER\3D OBJECT RENDERER\DEBUG\ICOSAHEDRON.OBJ
C:\USERS\ARGONAUT\GOOGLE DRIVE NEW\UCD FALL 2014\COMPUTER GRAPHICS\FINAL PROJECT\3D OBJECT RENDERER\3D OBJECT RENDERER\GENERATEDFILES\DEBUG\MOC_CENTRALWIDGET.CPP
C:\USERS\ARGONAUT\GOOGLE DRIVE NEW\UCD FALL 2014\COMPUTER GRAPHICS\FINAL PROJECT\3D OBJECT RENDERER\3D OBJECT RENDERER\GENERATEDFILES\QRC_PROGRAMMAINWINDOW.CPP
C:\USERS\ARGONAUT\GOOGLE DRIVE NEW\UCD FALL 2014\COMPUTER GRAPHICS\FINAL PROJECT\3D OBJECT RENDERER\3D OBJECT RENDERER\GENERATEDFILES\UI_MATERIALEDITMENU.H
C:\USERS\ARGONAUT\GOOGLE DRIVE NEW\UCD FALL 2014\COMPUTER GRAPHICS\FINAL PROJECT\3D OBJECT RENDERER\3D OBJECT RENDERER\GENERATEDFILES\UI_LIGHTEDITMENU.H
C:\USERS\ARGONAUT\GOOGLE DRIVE NEW\UCD FALL 2014\COMPUTER GRAPHICS\FINAL PROJECT\3D OBJECT RENDERER\3D OBJECT RENDERER\GENERATEDFILES\DEBUG\MOC_PROGRAMMAINWINDOW.CPP
C:\USERS\ARGONAUT\GOOGLE DRIVE NEW\UCD FALL 2014\COMPUTER GRAPHICS\FINAL PROJECT\3D OBJECT RENDERER\3D OBJECT RENDERER\GENERATEDFILES\UI_PROGRAMMAINWINDOW.H
C:\USERS\ARGONAUT\GOOGLE DRIVE NEW\UCD FALL 2014\COMPUTER GRAPHICS\FINAL PROJECT\3D OBJECT RENDERER\3D OBJECT RENDERER\GENERATEDFILES\DEBUG\MOC_MATERIALEDITMENU.CPP
C:\USERS\ARGONAUT\GOOGLE DRIVE NEW\UCD FALL 2014\COMPUTER GRAPHICS\FINAL PROJECT\3D OBJECT RENDERER\3D OBJECT RENDERER\GENERATEDFILES\DEBUG\MOC_LIGHTEDITMENU.CPP
C:\USERS\ARGONAUT\GOOGLE DRIVE NEW\UCD FALL 2014\COMPUTER GRAPHICS\FINAL PROJECT\3D OBJECT RENDERER\3D OBJECT RENDERER\GENERATEDFILES\DEBUG\MOC_OPENGLFRAME.CPP
C:\USERS\ARGONAUT\GOOGLE DRIVE NEW\UCD FALL 2014\COMPUTER GRAPHICS\FINAL PROJECT\3D OBJECT RENDERER\WIN32\DEBUG\3D OBJECT RENDERER.ILK
C:\USERS\ARGONAUT\GOOGLE DRIVE NEW\UCD FALL 2014\COMPUTER GRAPHICS\FINAL PROJECT\3D OBJECT RENDERER\WIN32\DEBUG\3D OBJECT RENDERER.EXE
C:\USERS\ARGONAUT\GOOGLE DRIVE NEW\UCD FALL 2014\COMPUTER GRAPHICS\FINAL PROJECT\3D OBJECT RENDERER\WIN32\DEBUG\3D OBJECT RENDERER.PDB
C:\USERS\ARGONAUT\GOOGLE DRIVE NEW\UCD FALL 2014\COMPUTER GRAPHICS\FINAL PROJECT\3D OBJECT RENDERER\3D OBJECT RENDERER\DEBUG\3D OBJECT RENDERER.RES
C:\Users\Argonaut\Google Drive New\UCD Fall 2014\Computer Graphics\Final Project\3D Object Renderer\3D Object Renderer\Debug\centralwidget.obj
C:\Users\Argonaut\Google Drive New\UCD Fall 2014\Computer Graphics\Final Project\3D Object Renderer\3D Object Renderer\Debug\Icosahedron.obj
C:\Users\Argonaut\Google Drive New\UCD Fall 2014\Computer Graphics\Final Project\3D Object Renderer\3D Object Renderer\Debug\lighteditmenu.obj
C:\Users\Argonaut\Google Drive New\UCD Fall 2014\Computer Graphics\Final Project\3D Object Renderer\3D Object Renderer\Debug\lighteditwindow.obj
C:\Users\Argonaut\Google Drive New\UCD Fall 2014\Computer Graphics\Final Project\3D Object Renderer\3D Object Renderer\Debug\main.obj
C:\Users\Argonaut\Google Drive New\UCD Fall 2014\Computer Graphics\Final Project\3D Object Renderer\3D Object Renderer\Debug\materialeditmenu.obj
C:\Users\Argonaut\Google Drive New\UCD Fall 2014\Computer Graphics\Final Project\3D Object Renderer\3D Object Renderer\Debug\moc_centralwidget.obj
C:\Users\Argonaut\Google Drive New\UCD Fall 2014\Computer Graphics\Final Project\3D Object Renderer\3D Object Renderer\Debug\moc_lighteditmenu.obj
C:\Users\Argonaut\Google Drive New\UCD Fall 2014\Computer Graphics\Final Project\3D Object Renderer\3D Object Renderer\Debug\moc_lighteditwindow.obj
C:\Users\Argonaut\Google Drive New\UCD Fall 2014\Computer Graphics\Final Project\3D Object Renderer\3D Object Renderer\Debug\moc_materialeditmenu.obj
C:\Users\Argonaut\Google Drive New\UCD Fall 2014\Computer Graphics\Final Project\3D Object Renderer\3D Object Renderer\Debug\moc_OpenGLFrame.obj
C:\Users\Argonaut\Google Drive New\UCD Fall 2014\Computer Graphics\Final Project\3D Object Renderer\3D Object Renderer\Debug\moc_programmainwindow.obj
C:\Users\Argonaut\Google Drive New\UCD Fall 2014\Computer Graphics\Final Project\3D Object Renderer\3D Object Renderer\Debug\OpenGLFrame.obj
C:\Users\Argonaut\Google Drive New\UCD Fall 2014\Computer Graphics\Final Project\3D Object Renderer\3D Object Renderer\Debug\programmainwindow.obj
C:\Users\Argonaut\Google Drive New\UCD Fall 2014\Computer Graphics\Final Project\3D Object Renderer\3D Object Renderer\Debug\qrc_programmainwindow.obj
C:\Users\Argonaut\Google Drive New\UCD Fall 2014\Computer Graphics\Final Project\3D Object Renderer\3D Object Renderer\Debug\cl.command.1.tlog
C:\Users\Argonaut\Google Drive New\UCD Fall 2014\Computer Graphics\Final Project\3D Object Renderer\3D Object Renderer\Debug\CL.read.1.tlog
C:\Users\Argonaut\Google Drive New\UCD Fall 2014\Computer Graphics\Final Project\3D Object Renderer\3D Object Renderer\Debug\CL.write.1.tlog
C:\Users\Argonaut\Google Drive New\UCD Fall 2014\Computer Graphics\Final Project\3D Object Renderer\3D Object Renderer\Debug\custombuild.command.1.tlog
C:\Users\Argonaut\Google Drive New\UCD Fall 2014\Computer Graphics\Final Project\3D Object Renderer\3D Object Renderer\Debug\custombuild.read.1.tlog
C:\Users\Argonaut\Google Drive New\UCD Fall 2014\Computer Graphics\Final Project\3D Object Renderer\3D Object Renderer\Debug\custombuild.write.1.tlog
C:\Users\Argonaut\Google Drive New\UCD Fall 2014\Computer Graphics\Final Project\3D Object Renderer\3D Object Renderer\Debug\link-cvtres.read.1.tlog
C:\Users\Argonaut\Google Drive New\UCD Fall 2014\Computer Graphics\Final Project\3D Object Renderer\3D Object Renderer\Debug\link-cvtres.write.1.tlog
C:\Users\Argonaut\Google Drive New\UCD Fall 2014\Computer Graphics\Final Project\3D Object Renderer\3D Object Renderer\Debug\link-rc.read.1.tlog
C:\Users\Argonaut\Google Drive New\UCD Fall 2014\Computer Graphics\Final Project\3D Object Renderer\3D Object Renderer\Debug\link-rc.write.1.tlog
C:\Users\Argonaut\Google Drive New\UCD Fall 2014\Computer Graphics\Final Project\3D Object Renderer\3D Object Renderer\Debug\link.1160-cvtres.read.1.tlog
C:\Users\Argonaut\Google Drive New\UCD Fall 2014\Computer Graphics\Final Project\3D Object Renderer\3D Object Renderer\Debug\link.1160-cvtres.write.1.tlog
C:\Users\Argonaut\Google Drive New\UCD Fall 2014\Computer Graphics\Final Project\3D Object Renderer\3D Object Renderer\Debug\link.1160-rc.read.1.tlog
C:\Users\Argonaut\Google Drive New\UCD Fall 2014\Computer Graphics\Final Project\3D Object Renderer\3D Object Renderer\Debug\link.1160-rc.write.1.tlog
C:\Users\Argonaut\Google Drive New\UCD Fall 2014\Computer Graphics\Final Project\3D Object Renderer\3D Object Renderer\Debug\link.1160.read.1.tlog
C:\Users\Argonaut\Google Drive New\UCD Fall 2014\Computer Graphics\Final Project\3D Object Renderer\3D Object Renderer\Debug\link.1160.write.1.tlog
C:\Users\Argonaut\Google Drive New\UCD Fall 2014\Computer Graphics\Final Project\3D Object Renderer\3D Object Renderer\Debug\link.1204-cvtres.read.1.tlog
C:\Users\Argonaut\Google Drive New\UCD Fall 2014\Computer Graphics\Final Project\3D Object Renderer\3D Object Renderer\Debug\link.1204-cvtres.write.1.tlog
C:\Users\Argonaut\Google Drive New\UCD Fall 2014\Computer Graphics\Final Project\3D Object Renderer\3D Object Renderer\Debug\link.1204-rc.read.1.tlog
C:\Users\Argonaut\Google Drive New\UCD Fall 2014\Computer Graphics\Final Project\3D Object Renderer\3D Object Renderer\Debug\link.1204-rc.write.1.tlog
C:\Users\Argonaut\Google Drive New\UCD Fall 2014\Computer Graphics\Final Project\3D Object Renderer\3D Object Renderer\Debug\link.1204.read.1.tlog
C:\Users\Argonaut\Google Drive New\UCD Fall 2014\Computer Graphics\Final Project\3D Object Renderer\3D Object Renderer\Debug\link.1204.write.1.tlog
C:\Users\Argonaut\Google Drive New\UCD Fall 2014\Computer Graphics\Final Project\3D Object Renderer\3D Object Renderer\Debug\link.1588-cvtres.read.1.tlog
C:\Users\Argonaut\Google Drive New\UCD Fall 2014\Computer Graphics\Final Project\3D Object Renderer\3D Object Renderer\Debug\link.1588-cvtres.write.1.tlog
C:\Users\Argonaut\Google Drive New\UCD Fall 2014\Computer Graphics\Final Project\3D Object Renderer\3D Object Renderer\Debug\link.1588-rc.read.1.tlog
C:\Users\Argonaut\Google Drive New\UCD Fall 2014\Computer Graphics\Final Project\3D Object Renderer\3D Object Renderer\Debug\link.1588-rc.write.1.tlog
C:\Users\Argonaut\Google Drive New\UCD Fall 2014\Computer Graphics\Final Project\3D Object Renderer\3D Object Renderer\Debug\link.1588.read.1.tlog
C:\Users\Argonaut\Google Drive New\UCD Fall 2014\Computer Graphics\Final Project\3D Object Renderer\3D Object Renderer\Debug\link.1588.write.1.tlog
C:\Users\Argonaut\Google Drive New\UCD Fall 2014\Computer Graphics\Final Project\3D Object Renderer\3D Object Renderer\Debug\link.3300-cvtres.read.1.tlog
C:\Users\Argonaut\Google Drive New\UCD Fall 2014\Computer Graphics\Final Project\3D Object Renderer\3D Object Renderer\Debug\link.3300-cvtres.write.1.tlog
C:\Users\Argonaut\Google Drive New\UCD Fall 2014\Computer Graphics\Final Project\3D Object Renderer\3D Object Renderer\Debug\link.3300-rc.read.1.tlog
C:\Users\Argonaut\Google Drive New\UCD Fall 2014\Computer Graphics\Final Project\3D Object Renderer\3D Object Renderer\Debug\link.3300-rc.write.1.tlog
C:\Users\Argonaut\Google Drive New\UCD Fall 2014\Computer Graphics\Final Project\3D Object Renderer\3D Object Renderer\Debug\link.3300.read.1.tlog
C:\Users\Argonaut\Google Drive New\UCD Fall 2014\Computer Graphics\Final Project\3D Object Renderer\3D Object Renderer\Debug\link.3300.write.1.tlog
C:\Users\Argonaut\Google Drive New\UCD Fall 2014\Computer Graphics\Final Project\3D Object Renderer\3D Object Renderer\Debug\link.3304-cvtres.read.1.tlog
C:\Users\Argonaut\Google Drive New\UCD Fall 2014\Computer Graphics\Final Project\3D Object Renderer\3D Object Renderer\Debug\link.3304-cvtres.write.1.tlog
C:\Users\Argonaut\Google Drive New\UCD Fall 2014\Computer Graphics\Final Project\3D Object Renderer\3D Object Renderer\Debug\link.3304-rc.read.1.tlog
C:\Users\Argonaut\Google Drive New\UCD Fall 2014\Computer Graphics\Final Project\3D Object Renderer\3D Object Renderer\Debug\link.3304-rc.write.1.tlog
C:\Users\Argonaut\Google Drive New\UCD Fall 2014\Computer Graphics\Final Project\3D Object Renderer\3D Object Renderer\Debug\link.3304.read.1.tlog
C:\Users\Argonaut\Google Drive New\UCD Fall 2014\Computer Graphics\Final Project\3D Object Renderer\3D Object Renderer\Debug\link.3304.write.1.tlog
C:\Users\Argonaut\Google Drive New\UCD Fall 2014\Computer Graphics\Final Project\3D Object Renderer\3D Object Renderer\Debug\link.4292-cvtres.read.1.tlog
C:\Users\Argonaut\Google Drive New\UCD Fall 2014\Computer Graphics\Final Project\3D Object Renderer\3D Object Renderer\Debug\link.4292-cvtres.write.1.tlog
C:\Users\Argonaut\Google Drive New\UCD Fall 2014\Computer Graphics\Final Project\3D Object Renderer\3D Object Renderer\Debug\link.4292-rc.read.1.tlog
C:\Users\Argonaut\Google Drive New\UCD Fall 2014\Computer Graphics\Final Project\3D Object Renderer\3D Object Renderer\Debug\link.4292-rc.write.1.tlog
C:\Users\Argonaut\Google Drive New\UCD Fall 2014\Computer Graphics\Final Project\3D Object Renderer\3D Object Renderer\Debug\link.4292.read.1.tlog
C:\Users\Argonaut\Google Drive New\UCD Fall 2014\Computer Graphics\Final Project\3D Object Renderer\3D Object Renderer\Debug\link.4292.write.1.tlog
C:\Users\Argonaut\Google Drive New\UCD Fall 2014\Computer Graphics\Final Project\3D Object Renderer\3D Object Renderer\Debug\link.5864-cvtres.read.1.tlog
C:\Users\Argonaut\Google Drive New\UCD Fall 2014\Computer Graphics\Final Project\3D Object Renderer\3D Object Renderer\Debug\link.5864-cvtres.write.1.tlog
C:\Users\Argonaut\Google Drive New\UCD Fall 2014\Computer Graphics\Final Project\3D Object Renderer\3D Object Renderer\Debug\link.5864-rc.read.1.tlog
C:\Users\Argonaut\Google Drive New\UCD Fall 2014\Computer Graphics\Final Project\3D Object Renderer\3D Object Renderer\Debug\link.5864-rc.write.1.tlog
C:\Users\Argonaut\Google Drive New\UCD Fall 2014\Computer Graphics\Final Project\3D Object Renderer\3D Object Renderer\Debug\link.5864.read.1.tlog
C:\Users\Argonaut\Google Drive New\UCD Fall 2014\Computer Graphics\Final Project\3D Object Renderer\3D Object Renderer\Debug\link.5864.write.1.tlog
C:\Users\Argonaut\Google Drive New\UCD Fall 2014\Computer Graphics\Final Project\3D Object Renderer\3D Object Renderer\Debug\link.5940-cvtres.read.1.tlog
C:\Users\Argonaut\Google Drive New\UCD Fall 2014\Computer Graphics\Final Project\3D Object Renderer\3D Object Renderer\Debug\link.5940-cvtres.write.1.tlog
C:\Users\Argonaut\Google Drive New\UCD Fall 2014\Computer Graphics\Final Project\3D Object Renderer\3D Object Renderer\Debug\link.5940-rc.read.1.tlog
C:\Users\Argonaut\Google Drive New\UCD Fall 2014\Computer Graphics\Final Project\3D Object Renderer\3D Object Renderer\Debug\link.5940-rc.write.1.tlog
C:\Users\Argonaut\Google Drive New\UCD Fall 2014\Computer Graphics\Final Project\3D Object Renderer\3D Object Renderer\Debug\link.5940.read.1.tlog
C:\Users\Argonaut\Google Drive New\UCD Fall 2014\Computer Graphics\Final Project\3D Object Renderer\3D Object Renderer\Debug\link.5940.write.1.tlog
C:\Users\Argonaut\Google Drive New\UCD Fall 2014\Computer Graphics\Final Project\3D Object Renderer\3D Object Renderer\Debug\link.6000-cvtres.read.1.tlog
C:\Users\Argonaut\Google Drive New\UCD Fall 2014\Computer Graphics\Final Project\3D Object Renderer\3D Object Renderer\Debug\link.6000-cvtres.write.1.tlog
C:\Users\Argonaut\Google Drive New\UCD Fall 2014\Computer Graphics\Final Project\3D Object Renderer\3D Object Renderer\Debug\link.6000-rc.read.1.tlog
C:\Users\Argonaut\Google Drive New\UCD Fall 2014\Computer Graphics\Final Project\3D Object Renderer\3D Object Renderer\Debug\link.6000-rc.write.1.tlog
C:\Users\Argonaut\Google Drive New\UCD Fall 2014\Computer Graphics\Final Project\3D Object Renderer\3D Object Renderer\Debug\link.6000.read.1.tlog
C:\Users\Argonaut\Google Drive New\UCD Fall 2014\Computer Graphics\Final Project\3D Object Renderer\3D Object Renderer\Debug\link.6000.write.1.tlog
C:\Users\Argonaut\Google Drive New\UCD Fall 2014\Computer Graphics\Final Project\3D Object Renderer\3D Object Renderer\Debug\link.6236-cvtres.read.1.tlog
C:\Users\Argonaut\Google Drive New\UCD Fall 2014\Computer Graphics\Final Project\3D Object Renderer\3D Object Renderer\Debug\link.6236-cvtres.write.1.tlog
C:\Users\Argonaut\Google Drive New\UCD Fall 2014\Computer Graphics\Final Project\3D Object Renderer\3D Object Renderer\Debug\link.6236-rc.read.1.tlog
C:\Users\Argonaut\Google Drive New\UCD Fall 2014\Computer Graphics\Final Project\3D Object Renderer\3D Object Renderer\Debug\link.6236-rc.write.1.tlog
C:\Users\Argonaut\Google Drive New\UCD Fall 2014\Computer Graphics\Final Project\3D Object Renderer\3D Object Renderer\Debug\link.6236.read.1.tlog
C:\Users\Argonaut\Google Drive New\UCD Fall 2014\Computer Graphics\Final Project\3D Object Renderer\3D Object Renderer\Debug\link.6236.write.1.tlog
C:\Users\Argonaut\Google Drive New\UCD Fall 2014\Computer Graphics\Final Project\3D Object Renderer\3D Object Renderer\Debug\link.7072-cvtres.read.1.tlog
C:\Users\Argonaut\Google Drive New\UCD Fall 2014\Computer Graphics\Final Project\3D Object Renderer\3D Object Renderer\Debug\link.7072-cvtres.write.1.tlog
C:\Users\Argonaut\Google Drive New\UCD Fall 2014\Computer Graphics\Final Project\3D Object Renderer\3D Object Renderer\Debug\link.7072-rc.read.1.tlog
C:\Users\Argonaut\Google Drive New\UCD Fall 2014\Computer Graphics\Final Project\3D Object Renderer\3D Object Renderer\Debug\link.7072-rc.write.1.tlog
C:\Users\Argonaut\Google Drive New\UCD Fall 2014\Computer Graphics\Final Project\3D Object Renderer\3D Object Renderer\Debug\link.7072.read.1.tlog
C:\Users\Argonaut\Google Drive New\UCD Fall 2014\Computer Graphics\Final Project\3D Object Renderer\3D Object Renderer\Debug\link.7072.write.1.tlog
C:\Users\Argonaut\Google Drive New\UCD Fall 2014\Computer Graphics\Final Project\3D Object Renderer\3D Object Renderer\Debug\link.7204-cvtres.read.1.tlog
C:\Users\Argonaut\Google Drive New\UCD Fall 2014\Computer Graphics\Final Project\3D Object Renderer\3D Object Renderer\Debug\link.7204-cvtres.write.1.tlog
C:\Users\Argonaut\Google Drive New\UCD Fall 2014\Computer Graphics\Final Project\3D Object Renderer\3D Object Renderer\Debug\link.7204-rc.read.1.tlog
C:\Users\Argonaut\Google Drive New\UCD Fall 2014\Computer Graphics\Final Project\3D Object Renderer\3D Object Renderer\Debug\link.7204-rc.write.1.tlog
C:\Users\Argonaut\Google Drive New\UCD Fall 2014\Computer Graphics\Final Project\3D Object Renderer\3D Object Renderer\Debug\link.7204.read.1.tlog
C:\Users\Argonaut\Google Drive New\UCD Fall 2014\Computer Graphics\Final Project\3D Object Renderer\3D Object Renderer\Debug\link.7204.write.1.tlog
C:\Users\Argonaut\Google Drive New\UCD Fall 2014\Computer Graphics\Final Project\3D Object Renderer\3D Object Renderer\Debug\link.7828-cvtres.read.1.tlog
C:\Users\Argonaut\Google Drive New\UCD Fall 2014\Computer Graphics\Final Project\3D Object Renderer\3D Object Renderer\Debug\link.7828-cvtres.write.1.tlog
C:\Users\Argonaut\Google Drive New\UCD Fall 2014\Computer Graphics\Final Project\3D Object Renderer\3D Object Renderer\Debug\link.7828-rc.read.1.tlog
C:\Users\Argonaut\Google Drive New\UCD Fall 2014\Computer Graphics\Final Project\3D Object Renderer\3D Object Renderer\Debug\link.7828-rc.write.1.tlog
C:\Users\Argonaut\Google Drive New\UCD Fall 2014\Computer Graphics\Final Project\3D Object Renderer\3D Object Renderer\Debug\link.7828.read.1.tlog
C:\Users\Argonaut\Google Drive New\UCD Fall 2014\Computer Graphics\Final Project\3D Object Renderer\3D Object Renderer\Debug\link.7828.write.1.tlog
C:\Users\Argonaut\Google Drive New\UCD Fall 2014\Computer Graphics\Final Project\3D Object Renderer\3D Object Renderer\Debug\link.7956-cvtres.read.1.tlog
C:\Users\Argonaut\Google Drive New\UCD Fall 2014\Computer Graphics\Final Project\3D Object Renderer\3D Object Renderer\Debug\link.7956-cvtres.write.1.tlog
C:\Users\Argonaut\Google Drive New\UCD Fall 2014\Computer Graphics\Final Project\3D Object Renderer\3D Object Renderer\Debug\link.7956-rc.read.1.tlog
C:\Users\Argonaut\Google Drive New\UCD Fall 2014\Computer Graphics\Final Project\3D Object Renderer\3D Object Renderer\Debug\link.7956-rc.write.1.tlog
C:\Users\Argonaut\Google Drive New\UCD Fall 2014\Computer Graphics\Final Project\3D Object Renderer\3D Object Renderer\Debug\link.7956.read.1.tlog
C:\Users\Argonaut\Google Drive New\UCD Fall 2014\Computer Graphics\Final Project\3D Object Renderer\3D Object Renderer\Debug\link.7956.write.1.tlog
C:\Users\Argonaut\Google Drive New\UCD Fall 2014\Computer Graphics\Final Project\3D Object Renderer\3D Object Renderer\Debug\link.command.1.tlog
C:\Users\Argonaut\Google Drive New\UCD Fall 2014\Computer Graphics\Final Project\3D Object Renderer\3D Object Renderer\Debug\link.read.1.tlog
C:\Users\Argonaut\Google Drive New\UCD Fall 2014\Computer Graphics\Final Project\3D Object Renderer\3D Object Renderer\Debug\link.write.1.tlog
C:\Users\Argonaut\Google Drive New\UCD Fall 2014\Computer Graphics\Final Project\3D Object Renderer\3D Object Renderer\Debug\rc.command.1.tlog
C:\Users\Argonaut\Google Drive New\UCD Fall 2014\Computer Graphics\Final Project\3D Object Renderer\3D Object Renderer\Debug\rc.read.1.tlog
C:\Users\Argonaut\Google Drive New\UCD Fall 2014\Computer Graphics\Final Project\3D Object Renderer\3D Object Renderer\Debug\rc.write.1.tlog
C:\Users\Argonaut\Google Drive New\UCD Fall 2014\Computer Graphics\Final Project\3D Object Renderer\3D Object Renderer\Debug\3D Object Renderer.res
C:\Users\Argonaut\Google Drive New\UCD Fall 2014\Computer Graphics\Final Project\3D Object Renderer\3D Object Renderer\Debug\vc110.pdb
C:\Users\Argonaut\Google Drive New\UCD Fall 2014\Computer Graphics\Final Project\3D Object Renderer\Win32\Debug\3D Object Renderer.pdb
C:\Users\Argonaut\Google Drive New\UCD Fall 2014\Computer Graphics\Final Project\3D Object Renderer\Win32\Debug\3D Object Renderer.exe
C:\Users\Argonaut\Google Drive New\UCD Fall 2014\Computer Graphics\Final Project\3D Object Renderer\Win32\Debug\3D Object Renderer.ilk
