Build started 12/11/2014 1:39:10 PM.
     1>Project "C:\Users\Argonaut\Google Drive New\UCD Fall 2014\Computer Graphics\Final Project\3D Object Renderer\3D Object Renderer\3D Object Renderer.vcxproj" on node 2 (Build target(s)).
     1>CustomBuild:
         Moc'ing openglframe.h...
       ClCompile:
         C:\Program Files (x86)\Microsoft Visual Studio 11.0\VC\bin\CL.exe /c /I.\GeneratedFiles /I. /IC:\Qt\5.3\msvc2012_opengl\include /I.\GeneratedFiles\Debug /IC:\Qt\5.3\msvc2012_opengl\include\QtCore /IC:\Qt\5.3\msvc2012_opengl\include\QtGui /IC:\Qt\5.3\msvc2012_opengl\include\QtOpenGL /IC:\Qt\5.3\msvc2012_opengl\include\QtWidgets /Zi /nologo /W1 /WX- /Od /Oy- /D UNICODE /D WIN32 /D WIN64 /D QT_DLL /D QT_CORE_LIB /D QT_GUI_LIB /D QT_OPENGL_LIB /D QT_WIDGETS_LIB /Gm- /EHsc /MDd /GS /fp:precise /Zc:wchar_t /Zc:forScope /Fo"Debug\\" /Fd"Debug\vc110.pdb" /Gd /TP /analyze- /errorReport:prompt GeneratedFiles\Debug\moc_environmentmapeditmenu.cpp GeneratedFiles\Debug\moc_lighteditmenu.cpp GeneratedFiles\Debug\moc_materialeditmenu.cpp GeneratedFiles\Debug\moc_openglframe.cpp GeneratedFiles\Debug\moc_programmainwindow.cpp ObjectLoader.cpp environmentmapeditmenu.cpp lighteditmenu.cpp main.cpp materialeditmenu.cpp openglframe.cpp programmainwindow.cpp
         moc_environmentmapeditmenu.cpp
         moc_lighteditmenu.cpp
         moc_materialeditmenu.cpp
         moc_openglframe.cpp
         moc_programmainwindow.cpp
         ObjectLoader.cpp
         environmentmapeditmenu.cpp
         lighteditmenu.cpp
         main.cpp
         materialeditmenu.cpp
         openglframe.cpp
         programmainwindow.cpp
         Generating Code...
       Link:
         C:\Program Files (x86)\Microsoft Visual Studio 11.0\VC\bin\link.exe /ERRORREPORT:PROMPT /OUT:"C:\Users\Argonaut\Google Drive New\UCD Fall 2014\Computer Graphics\Final Project\3D Object Renderer\Win32\Debug\\3D Object Renderer.exe" /NOLOGO /LIBPATH:C:\Qt\5.3\msvc2012_opengl\lib /LIBPATH:"./glew-1.11.0/lib/release/Win32" /LIBPATH:"C:\Users\Argonaut\Google Drive New\UCD Fall 2014\Computer Graphics\Final Project\3D Object Renderer\3D Object Renderer\glew-1.11.0\lib\Release\Win32" /LIBPATH:"C:\Users\Argonaut\Google Drive New\UCD Fall 2014\Computer Graphics\Final Project\3D Object Renderer\3D Object Renderer\glew-1.11.0\lib\Release\x64" /LIBPATH:"C:\Users\Argonaut\Google Drive New\UCD Fall 2014\Computer Graphics\Final Project\3D Object Renderer\3D Object Renderer" qtmaind.lib Qt5Cored.lib Qt5Guid.lib Qt5OpenGLd.lib opengl32.lib glu32.lib Qt5Widgetsd.lib kernel32.lib user32.lib gdi32.lib winspool.lib comdlg32.lib advapi32.lib shell32.lib ole32.lib oleaut32.lib uuid.lib odbc32.lib odbccp32.lib /MANIFEST /MANIFESTUAC:"level='asInvoker' uiAccess='false'" /manifest:embed /DEBUG /PDB:"C:\Users\Argonaut\Google Drive New\UCD Fall 2014\Computer Graphics\Final Project\3D Object Renderer\Win32\Debug\3D Object Renderer.pdb" /SUBSYSTEM:WINDOWS /TLBID:1 /DYNAMICBASE /NXCOMPAT /IMPLIB:"C:\Users\Argonaut\Google Drive New\UCD Fall 2014\Computer Graphics\Final Project\3D Object Renderer\Win32\Debug\3D Object Renderer.lib" /MACHINE:X86 /SAFESEH "Debug\3D Object Renderer.res"
         Debug\ObjectLoader.obj
         Debug\centralwidget.obj
         Debug\environmentmapeditmenu.obj
         Debug\moc_centralwidget.obj
         Debug\moc_environmentmapeditmenu.obj
         Debug\moc_lighteditmenu.obj
         Debug\moc_materialeditmenu.obj
         Debug\moc_openglframe.obj
         Debug\moc_programmainwindow.obj
         Debug\qrc_programmainwindow.obj
         Debug\Icosahedron.obj
         Debug\lighteditmenu.obj
         Debug\main.obj
         Debug\materialeditmenu.obj
         Debug\openglframe.obj
         Debug\programmainwindow.obj
         Debug\Shader.obj
         Debug\tga.obj
         3D Object Renderer.vcxproj -> C:\Users\Argonaut\Google Drive New\UCD Fall 2014\Computer Graphics\Final Project\3D Object Renderer\Win32\Debug\3D Object Renderer.exe
     1>Done Building Project "C:\Users\Argonaut\Google Drive New\UCD Fall 2014\Computer Graphics\Final Project\3D Object Renderer\3D Object Renderer\3D Object Renderer.vcxproj" (Build target(s)).

Build succeeded.

Time Elapsed 00:00:26.38
